# JRE version: OpenJDK Runtime Environment Temurin-17+35 (17.0+35) (build 17+35)
# Java VM: OpenJDK 64-Bit Server VM Temurin-17+35 (17+35, mixed mode, tiered, compressed oops, compressed class ptrs, g1 gc, windows-amd64)
GC Precious Log:
 CPUs: 4 total, 4 available
 Memory: 16263M
 Large Page Support: Disabled
 NUMA Support: Disabled
 Compressed Oops: Enabled (Zero based)
 Heap Region Size: 2M
 Heap Min Capacity: 8M
 Heap Initial Capacity: 256M
 Heap Max Capacity: 4066M
 Pre-touch: Disabled
 Parallel Workers: 4
 Concurrent Workers: 1
 Concurrent Refinement Workers: 4
 Periodic GC: Disabled
Heap:
 garbage-first heap   total 536576K, used 434657K [0x0000000701e00000, 0x0000000800000000)
  region size 2048K, 2 young (4096K), 1 survivors (2048K)
 Metaspace       used 14463K, committed 14656K, reserved 1064960K
  class space    used 1384K, committed 1472K, reserved 1048576K
GC Heap History (20 events):
Event: 10.658 GC heap before
{Heap before GC invocations=46 (full 0):
 garbage-first heap   total 434176K, used 263246K [0x0000000701e00000, 0x0000000800000000)
  region size 2048K, 6 young (12288K), 1 survivors (2048K)
 Metaspace       used 13484K, committed 13696K, reserved 1064960K
  class space    used 1283K, committed 1408K, reserved 1048576K
}
Event: 10.660 GC heap after
{Heap after GC invocations=47 (full 0):
 garbage-first heap   total 434176K, used 255057K [0x0000000701e00000, 0x0000000800000000)
  region size 2048K, 1 young (2048K), 1 survivors (2048K)
 Metaspace       used 13484K, committed 13696K, reserved 1064960K
  class space    used 1283K, committed 1408K, reserved 1048576K
}
Event: 10.834 GC heap before
{Heap before GC invocations=48 (full 0):
 garbage-first heap   total 448512K, used 273489K [0x0000000701e00000, 0x0000000800000000)
  region size 2048K, 7 young (14336K), 1 survivors (2048K)
 Metaspace       used 13488K, committed 13696K, reserved 1064960K
  class space    used 1283K, committed 1408K, reserved 1048576K
}
Event: 10.835 GC heap after
{Heap after GC invocations=49 (full 0):
 garbage-first heap   total 448512K, used 263256K [0x0000000701e00000, 0x0000000800000000)
  region size 2048K, 1 young (2048K), 1 survivors (2048K)
 Metaspace       used 13488K, committed 13696K, reserved 1064960K
  class space    used 1283K, committed 1408K, reserved 1048576K
}
Event: 11.059 GC heap before
{Heap before GC invocations=50 (full 0):
 garbage-first heap   total 458752K, used 279640K [0x0000000701e00000, 0x0000000800000000)
  region size 2048K, 6 young (12288K), 1 survivors (2048K)
 Metaspace       used 13531K, committed 13696K, reserved 1064960K
  class space    used 1283K, committed 1408K, reserved 1048576K
}
Event: 11.061 GC heap after
{Heap after GC invocations=51 (full 0):
 garbage-first heap   total 458752K, used 271451K [0x0000000701e00000, 0x0000000800000000)
  region size 2048K, 1 young (2048K), 1 survivors (2048K)
 Metaspace       used 13531K, committed 13696K, reserved 1064960K
  class space    used 1283K, committed 1408K, reserved 1048576K
}
Event: 11.184 GC heap before
{Heap before GC invocations=52 (full 0):
 garbage-first heap   total 471040K, used 289883K [0x0000000701e00000, 0x0000000800000000)
  region size 2048K, 7 young (14336K), 1 survivors (2048K)
 Metaspace       used 13531K, committed 13696K, reserved 1064960K
  class space    used 1283K, committed 1408K, reserved 1048576K
}
Event: 11.186 GC heap after
{Heap after GC invocations=53 (full 0):
 garbage-first heap   total 471040K, used 279646K [0x0000000701e00000, 0x0000000800000000)
  region size 2048K, 1 young (2048K), 1 survivors (2048K)
 Metaspace       used 13531K, committed 13696K, reserved 1064960K
  class space    used 1283K, committed 1408K, reserved 1048576K
}
Event: 11.340 GC heap before
{Heap before GC invocations=54 (full 0):
 garbage-first heap   total 485376K, used 296030K [0x0000000701e00000, 0x0000000800000000)
  region size 2048K, 6 young (12288K), 1 survivors (2048K)
 Metaspace       used 13531K, committed 13696K, reserved 1064960K
  class space    used 1283K, committed 1408K, reserved 1048576K
}
Event: 11.341 GC heap after
{Heap after GC invocations=55 (full 0):
 garbage-first heap   total 485376K, used 287839K [0x0000000701e00000, 0x0000000800000000)
  region size 2048K, 1 young (2048K), 1 survivors (2048K)
 Metaspace       used 13531K, committed 13696K, reserved 1064960K
  class space    used 1283K, committed 1408K, reserved 1048576K
}
Event: 11.469 GC heap before
{Heap before GC invocations=56 (full 0):
 garbage-first heap   total 501760K, used 306271K [0x0000000701e00000, 0x0000000800000000)
  region size 2048K, 7 young (14336K), 1 survivors (2048K)
 Metaspace       used 13532K, committed 13696K, reserved 1064960K
  class space    used 1283K, committed 1408K, reserved 1048576K
}
Event: 11.471 GC heap after
{Heap after GC invocations=57 (full 0):
 garbage-first heap   total 501760K, used 296037K [0x0000000701e00000, 0x0000000800000000)
  region size 2048K, 1 young (2048K), 1 survivors (2048K)
 Metaspace       used 13532K, committed 13696K, reserved 1064960K
  class space    used 1283K, committed 1408K, reserved 1048576K
}
Event: 11.603 GC heap before
{Heap before GC invocations=58 (full 0):
 garbage-first heap   total 516096K, used 314469K [0x0000000701e00000, 0x0000000800000000)
  region size 2048K, 7 young (14336K), 1 survivors (2048K)
 Metaspace       used 13532K, committed 13696K, reserved 1064960K
  class space    used 1283K, committed 1408K, reserved 1048576K
}
Event: 11.607 GC heap after
{Heap after GC invocations=59 (full 0):
 garbage-first heap   total 516096K, used 304258K [0x0000000701e00000, 0x0000000800000000)
  region size 2048K, 1 young (2048K), 1 survivors (2048K)
 Metaspace       used 13532K, committed 13696K, reserved 1064960K
  class space    used 1283K, committed 1408K, reserved 1048576K
}
Event: 15.812 GC heap before
{Heap before GC invocations=60 (full 0):
 garbage-first heap   total 530432K, used 521346K [0x0000000701e00000, 0x0000000800000000)
  region size 2048K, 60 young (122880K), 1 survivors (2048K)
 Metaspace       used 14450K, committed 14656K, reserved 1064960K
  class space    used 1384K, committed 1472K, reserved 1048576K
}
Event: 15.816 GC heap after
{Heap after GC invocations=61 (full 0):
 garbage-first heap   total 536576K, used 412638K [0x0000000701e00000, 0x0000000800000000)
  region size 2048K, 4 young (8192K), 4 survivors (8192K)
 Metaspace       used 14450K, committed 14656K, reserved 1064960K
  class space    used 1384K, committed 1472K, reserved 1048576K
}
Event: 15.972 GC heap before
{Heap before GC invocations=61 (full 0):
 garbage-first heap   total 536576K, used 447454K [0x0000000701e00000, 0x0000000800000000)
  region size 2048K, 14 young (28672K), 4 survivors (8192K)
 Metaspace       used 14463K, committed 14656K, reserved 1064960K
  class space    used 1384K, committed 1472K, reserved 1048576K
}
Event: 15.976 GC heap after
{Heap after GC invocations=62 (full 0):
 garbage-first heap   total 536576K, used 430582K [0x0000000701e00000, 0x0000000800000000)
  region size 2048K, 1 young (2048K), 1 survivors (2048K)
 Metaspace       used 14463K, committed 14656K, reserved 1064960K
  class space    used 1384K, committed 1472K, reserved 1048576K
}
Event: 16.003 GC heap before
{Heap before GC invocations=62 (full 0):
 garbage-first heap   total 536576K, used 432630K [0x0000000701e00000, 0x0000000800000000)
  region size 2048K, 3 young (6144K), 1 survivors (2048K)
 Metaspace       used 14463K, committed 14656K, reserved 1064960K
  class space    used 1384K, committed 1472K, reserved 1048576K
}
Event: 16.004 GC heap after
{Heap after GC invocations=63 (full 0):
 garbage-first heap   total 536576K, used 430561K [0x0000000701e00000, 0x0000000800000000)
  region size 2048K, 1 young (2048K), 1 survivors (2048K)
 Metaspace       used 14463K, committed 14656K, reserved 1064960K
  class space    used 1384K, committed 1472K, reserved 1048576K
}

